xmsim(64) 22.03-s003
Linux 3.10.0-1160.108.1.el7.x86_64 #1 SMP Thu Jan 25 16:17:31 UTC 2024 x86_64
CPU cores: 48
Limit information:
======================================
cputime			unlimited
filesize		unlimited
datasize		unlimited
stacksize		8192 kbytes
coredumpsize	0 kbytes
memoryuse		unlimited
vmemoryuse		unlimited
descriptors		1024
memorylocked	64 kbytes
maxproc			4096
======================================
(Special)Runtime environment variables:

Runtime environment variables:
REMOTEHOST=140.124.249.110
SYNOPSYS_LC_ROOT=/usr/cad/synopsys/lc/cur
MANPATH=/usr/cad/synopsys/synthesis/2022.03/doc/syn/man
XDG_SESSION_ID=4618
HOSTNAME=localhost
SELINUX_ROLE_REQUESTED=
HOST=localhost
TERM=xterm
SHELL=/bin/tcsh
SSH_CLIENT=140.124.249.110 62664 22
SELINUX_USE_CURRENT_RANGE=
MGC_LOCATION_MAP=NO_MAP
QTDIR=/usr/lib64/qt-3.3
QTINC=/usr/lib64/qt-3.3/include
SSH_TTY=/dev/pts/4
QT_GRAPHICSSYSTEM_CHECKED=1
GROUP=users
USER=t112810019
LD_LIBRARY_PATH=/usr/local/ncurses-5.7/lib::/usr/cad/synopsys/verdi/cur/etc/lib/libstdc++/LINUX64/:/usr/cad/synopsys/verdi/cur/share/PLI/IUS/LINUX64/://usr/cad/synopsys/xa/2022.06//GNU/linux64/gcc/lib64/:/usr/cad/synopsys/xa/2022.06//linux64/lib/::/usr/cad/synopsys/verdi/2020.03//etc/lib/libstdc++/LINUX64/:/usr/cad/synopsys/verdi/2020.03//share/PLI/lib/LINUX64/:/usr/cad/synopsys/verdi/2020.03//share/PLI/VCS/LINUX64/:::::::::/usr/cad/cadence/INNOVUS/INNOVUS_20.10.000/tools/lib/64bit:/usr/cad/cadence/INNOVUS/INNOVUS_20.10.000/tools/lib64:/usr/cad/cadence/INNOVUS/INNOVUS_20.10.000/tools/lib::/usr/cad/cadence/GENUS/GENUS_21.10.000/tools/lib/64bit:/usr/cad/cadence/GENUS/GENUS_21.10.000/tools/lib64:/usr/cad/cadence/GENUS/GENUS_21.10.000/tools/lib::/usr/cad/cadence/ncverilog/XCELIUM_22.03.003/tools/lib/64bit:/usr/cad/cadence/ncverilog/XCELIUM_22.03.003/tools/lib64:/usr/cad/cadence/ncverilog/XCELIUM_22.03.003/tools/lib::/lib64:/usr/lib64:/usr/local/lib64:/lib64:/usr/lib64:/usr/local/lib64:/lib64:/usr/lib64:/usr/local/lib64
LS_COLORS=rs=0:di=01;34:ln=01;36:mh=00:pi=40;33:so=01;35:do=01;35:bd=40;33;01:cd=40;33;01:or=40;31;01:mi=01;05;37;41:su=37;41:sg=30;43:ca=30;41:tw=30;42:ow=34;42:st=37;44:ex=01;32:*.tar=01;31:*.tgz=01;31:*.arc=01;31:*.arj=01;31:*.taz=01;31:*.lha=01;31:*.lz4=01;31:*.lzh=01;31:*.lzma=01;31:*.tlz=01;31:*.txz=01;31:*.tzo=01;31:*.t7z=01;31:*.zip=01;31:*.z=01;31:*.Z=01;31:*.dz=01;31:*.gz=01;31:*.lrz=01;31:*.lz=01;31:*.lzo=01;31:*.xz=01;31:*.bz2=01;31:*.bz=01;31:*.tbz=01;31:*.tbz2=01;31:*.tz=01;31:*.deb=01;31:*.rpm=01;31:*.jar=01;31:*.war=01;31:*.ear=01;31:*.sar=01;31:*.rar=01;31:*.alz=01;31:*.ace=01;31:*.zoo=01;31:*.cpio=01;31:*.7z=01;31:*.rz=01;31:*.cab=01;31:*.jpg=01;35:*.jpeg=01;35:*.gif=01;35:*.bmp=01;35:*.pbm=01;35:*.pgm=01;35:*.ppm=01;35:*.tga=01;35:*.xbm=01;35:*.xpm=01;35:*.tif=01;35:*.tiff=01;35:*.png=01;35:*.svg=01;35:*.svgz=01;35:*.mng=01;35:*.pcx=01;35:*.mov=01;35:*.mpg=01;35:*.mpeg=01;35:*.m2v=01;35:*.mkv=01;35:*.webm=01;35:*.ogm=01;35:*.mp4=01;35:*.m4v=01;35:*.mp4v=01;35:*.vob=01;35:*.qt=01;35:*.nuv=01;35:*.wmv=01;35:*.asf=01;35:*.rm=01;35:*.rmvb=01;35:*.flc=01;35:*.avi=01;35:*.fli=01;35:*.flv=01;35:*.gl=01;35:*.dl=01;35:*.xcf=01;35:*.xwd=01;35:*.yuv=01;35:*.cgm=01;35:*.emf=01;35:*.axv=01;35:*.anx=01;35:*.ogv=01;35:*.ogx=01;35:*.aac=01;36:*.au=01;36:*.flac=01;36:*.mid=01;36:*.midi=01;36:*.mka=01;36:*.mp3=01;36:*.mpc=01;36:*.ogg=01;36:*.ra=01;36:*.wav=01;36:*.axa=01;36:*.oga=01;36:*.spx=01;36:*.xspf=01;36:
HOSTTYPE=x86_64-linux
MAIL=/var/spool/mail/t112810019
PATH=/usr/cad/mentor/Catapult/cur//Mgc_home/bin:/usr/cad/mentor/calibre/aoi_cal_2022.3_33.19/bin:/usr/cad/synopsys/verdi/cur/bin:/usr/cad/synopsys/verdi/cur/nLint/bin:/usr/cad/synopsys/xa/2022.06//GNU/linux64/gcc/bin:/usr/cad/synopsys/xa/2022.06//bin:/usr/cad/synopsys/verdi/2020.03//bin:/usr/cad/synopsys/tmax/2020.09//bin:/usr/cad/synopsys/synthesis/2022.03/amd64/syn/bin:/usr/cad/synopsys/lc/cur/bin:/usr/cad/synopsys/spyglass/2023.03//SPYGLASS_HOME/bin:/usr/cad/synopsys/primetime/2019.03-sp5-1//amd64/syn/bin:/usr/cad/synopsys/formality/2022.12/amd64/fm/bin:/usr/cad/cadence/JASPER/jasper_2021.03/bin:/usr/cad/cadence/INNOVUS/INNOVUS_20.10.000/tools/bin/64bit:/usr/cad/cadence/INNOVUS/INNOVUS_20.10.000/tools/bin:/usr/cad/cadence/GENUS/GENUS_21.10.000/tools/bin/64bit:/usr/cad/cadence/GENUS/GENUS_21.10.000/tools/bin:/usr/cad/cadence/ncverilog/XCELIUM_22.03.003/tools/bin/64bit:/usr/cad/cadence/ncverilog/XCELIUM_22.03.003/tools/bin:/bin:/usr/bin:/usr/ucb:/etc:.
CALIBRE_HOME=/usr/cad/mentor/calibre/aoi_cal_2022.3_33.19
VERDI_HOME=/usr/cad/synopsys/verdi/2020.03/
PWD=/home/t112810019/synaptic_core/synaptic-core-asic/rtl/lif_neuron
LANG=en_US.UTF-8
KDEDIRS=/usr
SELINUX_LEVEL_REQUESTED=
SYNOPSYS=/usr/cad/synopsys/tmax/2020.09/
LM_LICENSE_FILE=1717@hostname:26585@lshc:5280@lshc:
SSH_ASKPASS=/usr/libexec/openssh/gnome-ssh-askpass
SHLVL=2
HOME=/home/t112810019
OSTYPE=linux
MGC_HOME=/usr/cad/mentor/calibre/aoi_cal_2022.3_33.19
FORMALITY=/usr/cad/synopsys/formality/cur
MGC_TMPDIR=/tmp
VENDOR=unknown
MACHTYPE=x86_64
LOGNAME=t112810019
QTLIB=/usr/lib64/qt-3.3/lib
SSH_CONNECTION=140.124.249.110 62664 140.124.73.164 22
LESSOPEN=||/usr/bin/lesspipe.sh %s
SHLIB_PATH=/usr/cad/synopsys/verdi/cur/etc/lib/libstdc++/LINUX64/:/usr/cad/synopsys/verdi/2020.03//etc/lib/libstdc++/LINUX64/:/usr/cad/synopsys/verdi/2020.03//share/PLI/lib/LINUX64/:/usr/cad/synopsys/verdi/2020.03//share/PLI/VCS/LINUX64/:
XDG_RUNTIME_DIR=/run/user/1167
DISPLAY=localhost:13.0
SYN_MAN_DIR=/usr/cad/synopsys/synthesis/2022.03/doc/syn/man
QT_PLUGIN_PATH=/usr/lib64/kde4/plugins:/usr/lib/kde4/plugins
_=/usr/cad/cadence/ncverilog/XCELIUM_22.03.003/tools/bin/64bit/ncverilog
_XRUNROOT_=/usr/cad/cadence/ncverilog/XCELIUM_22.03.003/tools
_IRUNROOT_=/usr/cad/cadence/ncverilog/XCELIUM_22.03.003/tools
_HELIUMROOT_=/usr/cad/cadence/ncverilog/XCELIUM_22.03.003/tools
CDS_ARCH=lnx86
XMRUNMODE=xmverilog:./xcelium.d/run.lnx8664.22.03.d
XRUNBATCH=FALSE
AMS_LOG_FILE_NAME=xmverilog.log
IMPERAS_PORT_FILE=.vsp_ovp_gdb_port
TCL_LIBRARY=/usr/cad/cadence/ncverilog/XCELIUM_22.03.003/tools/inca/files/tcl/library
Runtime command line arguments:
argv[0]=xmverilog
argv[1]=lif_unit_tb.v
argv[2]=lif_unit_784to1.v
argv[3]=lif_leak.v
argv[4]=lif_integrator.v
argv[5]=lif_refrac_ctrl.v
argv[6]=lif_th_cmp.v
argv[7]=lif_weight_adder.v
argv[8]=+access+r
88 profile - 100
          CPU/Mem usage: 0.020 sys,  0.160 user,  245.26M sys,  0.00M vm
89 VC callback profile - scalar:0 vector:0
90 Fri Feb  6 06:18:56 2026
91 pliAppInit
92 FSDB_GATE is disabled.
93 Enable Parallel Dumping.
94 pliAppMiscSet: New Sim Round
95 pliEntryInit
96 LIBSSCORE=found /usr/cad/synopsys/verdi/cur/share/PLI/IUS/LINUX64/libsscore_xcelium171.so through $LD_LIBRARY_PATH setting.
97 argv[0]: lif_sim.fsdb
98 argv[0]: 0
99 argv[1]: (handle)0x4633c48 lif_unit_tb
100 FSDB Dumper for Xcelium, Release Verdi_Q-2020.03, Linux x86_64/64bit, 02/09/2020
101 (C) 1996 - 2020 by Synopsys, Inc.
102 ***********************************************************************
103 *  WARNING -                                                          *
104 *  The simulator version is newer than the supported FSDB Writer.     *
105 ***********************************************************************
106 sps_call_fsdbDumpfile at 0 : /home/t112810019/synaptic_core/synaptic-core-asic/rtl/lif_neuron/lif_unit_tb.v(58)
107 argv[0]: lif_sim.fsdb
108 *Verdi* FSDB WARNING: The FSDB file already exists. Overwriting the FSDB file may crash the programs that are using this file.
109 *Verdi* : Create FSDB file 'lif_sim.fsdb'
110 sps_call_fsdbDumpvars at 0 : /home/t112810019/synaptic_core/synaptic-core-asic/rtl/lif_neuron/lif_unit_tb.v(59)
111 argv[0]: 0
112 argv[1]: (handle)0x4633c38 lif_unit_tb
113 *Verdi* : Begin traversing the scope (lif_unit_tb), layer (0).
114 *Verdi* : End of traversing.
115 fsdbDumpvars traverse var: profile - 
          CPU/Mem usage: 0.030 sys,  0.170 user,  341.41M sys,  0.00M vm
                   incr: 0.010 sys,  0.000 user,  4.52M sys,  0.00M vm
                   accu: 0.010 sys,  0.000 user,  4.52M sys,  0.00M vm
              accu incr: 0.010 sys,  0.000 user,  4.52M sys,  0.00M vm

          Count usage: 46 var,  31 idcode,  31 callback
                 incr: 46 var,  31 idcode,  31 callback
                 accu: 46 var,  31 idcode,  31 callback
            accu incr: 46 var,  31 idcode,  31 callback
116 VC callback profile - scalar:0 vector:0
117 Fri Feb  6 06:18:56 2026
118 fsdbDumpvars: profile - 
          CPU/Mem usage: 0.030 sys,  0.170 user,  342.60M sys,  0.00M vm
                   incr: 0.000 sys,  0.000 user,  1.19M sys,  0.00M vm
                   accu: 0.010 sys,  0.000 user,  5.71M sys,  0.00M vm
              accu incr: 0.000 sys,  0.000 user,  1.19M sys,  0.00M vm

          Count usage: 46 var,  31 idcode,  31 callback
                 incr: 0 var,  0 idcode,  0 callback
                 accu: 46 var,  31 idcode,  31 callback
            accu incr: 0 var,  0 idcode,  0 callback
119 VC callback profile - scalar:8 vector:23
120 Fri Feb  6 06:18:56 2026
121 sps_call_fsdbDumpMDA at 0 : /home/t112810019/synaptic_core/synaptic-core-asic/rtl/lif_neuron/lif_unit_tb.v(60)
122 *Verdi* : Begin traversing the MDAs, layer (0).
123 *Verdi* : Enable +mda and +packedmda dumping.
124 *Verdi* : End of traversing the MDAs.
125 fsdbDumpMDA traverse var: profile - 
          CPU/Mem usage: 0.030 sys,  0.170 user,  346.80M sys,  0.00M vm
                   incr: 0.000 sys,  0.000 user,  4.20M sys,  0.00M vm
                   accu: 0.000 sys,  0.000 user,  4.20M sys,  0.00M vm
              accu incr: 0.000 sys,  0.000 user,  4.20M sys,  0.00M vm

          Count usage: 54 var,  39 idcode,  39 callback
                 incr: 8 var,  8 idcode,  8 callback
                 accu: 8 var,  8 idcode,  8 callback
            accu incr: 8 var,  8 idcode,  8 callback
126 VC callback profile - scalar:8 vector:23
127 Fri Feb  6 06:18:56 2026
128 fsdbDumpMDA: profile - 
          CPU/Mem usage: 0.030 sys,  0.170 user,  346.80M sys,  0.00M vm
                   incr: 0.000 sys,  0.000 user,  0.00M sys,  0.00M vm
                   accu: 0.000 sys,  0.000 user,  4.20M sys,  0.00M vm
              accu incr: 0.000 sys,  0.000 user,  0.00M sys,  0.00M vm

          Count usage: 54 var,  39 idcode,  39 callback
                 incr: 0 var,  0 idcode,  0 callback
                 accu: 8 var,  8 idcode,  8 callback
            accu incr: 0 var,  0 idcode,  0 callback
129 VC callback profile - scalar:8 vector:31
130 Fri Feb  6 06:18:56 2026
131 End of simulation at 2785000
132 VC callback profile - scalar:1142 vector:828
133 Fri Feb  6 06:18:56 2026
134 Begin FSDB profile info:
135 FSDB Writer : bc1(1142) bcn(828) mtf/stf(0/0)
FSDB Writer elapsed time : flush(0.045086) io wait(0.000000) theadpool wait(0.000000)
FSDB Writer cpu time : MT Compression : 0
136 End FSDB profile info
137 Parallel profile    -  Flush:4 Expand:0 ProduceWait:0 ConsumerWait:0 BlockUsed:1
138                        ProduceTime:0.210616037 ConsumerTime:0.000000000 Buffer:64MB
139 SimExit
140 Sim process exit
