xmverilog(64): 22.03-s003: (c) Copyright 1995-2022 Cadence Design Systems, Inc.
TOOL:	xmverilog	22.03-s003: Started on Dec 13, 2025 at 06:52:56 CST
ncverilog
	lif_unit_64to1_tb.v
	lif_unit_64to1.v
	lif_integrator.v
	lif_leak.v
	lif_weight_adder.v
	lif_th_cmp.v
	lif_refrac_ctrl.v
	+access+r
xmverilog: *W,NCEXDEP: Executable (ncverilog) is deprecated. Use (xmverilog) instead.
Recompiling... reason: file './lif_unit_64to1_tb.v' is newer than expected.
	expected: Sat Dec 13 06:50:42 2025
	actual:   Sat Dec 13 06:52:46 2025
file: lif_unit_64to1_tb.v
	module worklib.lif_unit_64to1_tb:v
		errors: 0, warnings: 0
		Caching library 'worklib' ....... Done
	Elaborating the design hierarchy:
	Building instance overlay tables: .................... Done
	Generating native compiled code:
		worklib.lif_unit_64to1_tb:v <0x37bd1ae9>
			streams:   6, words: 25784
	Building instance specific data structures.
	Loading native compiled code:     .................... Done
	Design hierarchy summary:
		                 Instances  Unique
		Modules:                 7       7
		Registers:              19      19
		Scalar wires:            5       -
		Vectored wires:         32       -
		Always blocks:           5       5
		Initial blocks:          3       3
		Cont. assignments:      31      18
		Pseudo assignments:      3       3
		Simulation timescale:  1ps
	Writing initial simulation snapshot: worklib.lif_unit_64to1_tb:v
Loading snapshot worklib.lif_unit_64to1_tb:v .................... Done
*Verdi* Loading libsscore_xcelium171.so
xcelium> source /usr/cad/cadence/ncverilog/XCELIUM_22.03.003/tools/xcelium/files/xmsimrc
xcelium> run
FSDB Dumper for Xcelium, Release Verdi_Q-2020.03, Linux x86_64/64bit, 02/09/2020
(C) 1996 - 2020 by Synopsys, Inc.
***********************************************************************
*  WARNING -                                                          *
*  The simulator version is newer than the supported FSDB Writer.     *
***********************************************************************
*Verdi* : Create FSDB file 'lif_unit_64to1.fsdb'
*Verdi* : Begin traversing the scope (lif_unit_64to1_tb), layer (0).
*Verdi* : Enable +all dumping.
*Verdi* : End of traversing.
=== Simulation Start ===
[Time 15000] Reset released.

--- Test Case 1: Integration & Leak ---
Sending small currents...
[Time 256000] V_mem = 35 (Expected ~40)
[Time 336000] V_mem after leak = 19 (Expected ~35)
[Time 416000] V_mem after 2nd leak = 9 (Expected ~31)

--- Test Case 2: Fire Test (Threshold = 200) ---
[FAILURE] No Spike? V_mem = 182

--- Test Case 3: Refractory Period ---
Applying input during refractory period...
[Refractory 1] V_mem = 174 (Expected 0)
[Refractory 2] V_mem = 162 (Expected 0)
[Refractory 3] V_mem = 158 (Expected 0)
[Refractory Done] V_mem = 114 (Expected ~50)

=== Simulation Finished ===
Simulation stopped via $stop(1) at time 866 NS + 0
./lif_unit_64to1_tb.v:127         $stop;
xcelium> exit
TOOL:	xmverilog	22.03-s003: Exiting on Dec 13, 2025 at 06:53:08 CST  (total: 00:00:12)
