xmsim(64) 22.03-s003
Linux 3.10.0-1160.108.1.el7.x86_64 #1 SMP Thu Jan 25 16:17:31 UTC 2024 x86_64
CPU cores: 48
Limit information:
======================================
cputime			unlimited
filesize		unlimited
datasize		unlimited
stacksize		8192 kbytes
coredumpsize	0 kbytes
memoryuse		unlimited
vmemoryuse		unlimited
descriptors		1024
memorylocked	64 kbytes
maxproc			4096
======================================
(Special)Runtime environment variables:

Runtime environment variables:
USER=t112830043
LOGNAME=t112830043
HOME=/home/t112830043
PATH=/usr/cad/mentor/Catapult/cur//Mgc_home/bin:/usr/cad/mentor/calibre/aoi_cal_2022.3_33.19/bin:/usr/cad/synopsys/verdi/cur/bin:/usr/cad/synopsys/verdi/cur/nLint/bin:/usr/cad/synopsys/xa/2022.06//GNU/linux64/gcc/bin:/usr/cad/synopsys/xa/2022.06//bin:/usr/cad/synopsys/verdi/2020.03//bin:/usr/cad/synopsys/tmax/2020.09//bin:/usr/cad/synopsys/synthesis/2022.03/amd64/syn/bin:/usr/cad/synopsys/lc/cur/bin:/usr/cad/synopsys/spyglass/2023.03//SPYGLASS_HOME/bin:/usr/cad/synopsys/primetime/2019.03-sp5-1//amd64/syn/bin:/usr/cad/synopsys/formality/2022.12/amd64/fm/bin:/usr/cad/cadence/JASPER/jasper_2021.03/bin:/usr/cad/cadence/INNOVUS/INNOVUS_20.10.000/tools/bin/64bit:/usr/cad/cadence/INNOVUS/INNOVUS_20.10.000/tools/bin:/usr/cad/cadence/GENUS/GENUS_21.10.000/tools/bin/64bit:/usr/cad/cadence/GENUS/GENUS_21.10.000/tools/bin:/usr/cad/cadence/ncverilog/XCELIUM_22.03.003/tools/bin/64bit:/usr/cad/cadence/ncverilog/XCELIUM_22.03.003/tools/bin:/bin:/usr/bin:/usr/ucb:/etc:.
MAIL=/var/spool/mail/t112830043
SHELL=/bin/tcsh
SSH_CLIENT=140.124.4.102 39232 22
SSH_CONNECTION=140.124.4.102 39232 140.124.73.164 22
SSH_TTY=/dev/pts/4
TERM=xterm
DISPLAY=localhost:13.0
SELINUX_ROLE_REQUESTED=
SELINUX_LEVEL_REQUESTED=
SELINUX_USE_CURRENT_RANGE=
XDG_SESSION_ID=5122
XDG_RUNTIME_DIR=/run/user/1166
HOSTTYPE=x86_64-linux
VENDOR=unknown
OSTYPE=linux
MACHTYPE=x86_64
SHLVL=1
PWD=/home/t112830043/synaptic-core-asic/rtl/lif_neuron_for_local/spike_generator
GROUP=users
HOST=localhost
REMOTEHOST=140.124.4.102
HOSTNAME=localhost
LS_COLORS=rs=0:di=01;34:ln=01;36:mh=00:pi=40;33:so=01;35:do=01;35:bd=40;33;01:cd=40;33;01:or=40;31;01:mi=01;05;37;41:su=37;41:sg=30;43:ca=30;41:tw=30;42:ow=34;42:st=37;44:ex=01;32:*.tar=01;31:*.tgz=01;31:*.arc=01;31:*.arj=01;31:*.taz=01;31:*.lha=01;31:*.lz4=01;31:*.lzh=01;31:*.lzma=01;31:*.tlz=01;31:*.txz=01;31:*.tzo=01;31:*.t7z=01;31:*.zip=01;31:*.z=01;31:*.Z=01;31:*.dz=01;31:*.gz=01;31:*.lrz=01;31:*.lz=01;31:*.lzo=01;31:*.xz=01;31:*.bz2=01;31:*.bz=01;31:*.tbz=01;31:*.tbz2=01;31:*.tz=01;31:*.deb=01;31:*.rpm=01;31:*.jar=01;31:*.war=01;31:*.ear=01;31:*.sar=01;31:*.rar=01;31:*.alz=01;31:*.ace=01;31:*.zoo=01;31:*.cpio=01;31:*.7z=01;31:*.rz=01;31:*.cab=01;31:*.jpg=01;35:*.jpeg=01;35:*.gif=01;35:*.bmp=01;35:*.pbm=01;35:*.pgm=01;35:*.ppm=01;35:*.tga=01;35:*.xbm=01;35:*.xpm=01;35:*.tif=01;35:*.tiff=01;35:*.png=01;35:*.svg=01;35:*.svgz=01;35:*.mng=01;35:*.pcx=01;35:*.mov=01;35:*.mpg=01;35:*.mpeg=01;35:*.m2v=01;35:*.mkv=01;35:*.webm=01;35:*.ogm=01;35:*.mp4=01;35:*.m4v=01;35:*.mp4v=01;35:*.vob=01;35:*.qt=01;35:*.nuv=01;35:*.wmv=01;35:*.asf=01;35:*.rm=01;35:*.rmvb=01;35:*.flc=01;35:*.avi=01;35:*.fli=01;35:*.flv=01;35:*.gl=01;35:*.dl=01;35:*.xcf=01;35:*.xwd=01;35:*.yuv=01;35:*.cgm=01;35:*.emf=01;35:*.axv=01;35:*.anx=01;35:*.ogv=01;35:*.ogx=01;35:*.aac=01;36:*.au=01;36:*.flac=01;36:*.mid=01;36:*.midi=01;36:*.mka=01;36:*.mp3=01;36:*.mpc=01;36:*.ogg=01;36:*.ra=01;36:*.wav=01;36:*.axa=01;36:*.oga=01;36:*.spx=01;36:*.xspf=01;36:
SSH_ASKPASS=/usr/libexec/openssh/gnome-ssh-askpass
KDEDIRS=/usr
QT_PLUGIN_PATH=/usr/lib64/kde4/plugins:/usr/lib/kde4/plugins
LANG=en_US.UTF-8
LESSOPEN=||/usr/bin/lesspipe.sh %s
QT_GRAPHICSSYSTEM_CHECKED=1
QTDIR=/usr/lib64/qt-3.3
QTINC=/usr/lib64/qt-3.3/include
QTLIB=/usr/lib64/qt-3.3/lib
LD_LIBRARY_PATH=/usr/local/ncurses-5.7/lib::/usr/cad/synopsys/verdi/cur/etc/lib/libstdc++/LINUX64/:/usr/cad/synopsys/verdi/cur/share/PLI/IUS/LINUX64/://usr/cad/synopsys/xa/2022.06//GNU/linux64/gcc/lib64/:/usr/cad/synopsys/xa/2022.06//linux64/lib/::/usr/cad/synopsys/verdi/2020.03//etc/lib/libstdc++/LINUX64/:/usr/cad/synopsys/verdi/2020.03//share/PLI/lib/LINUX64/:/usr/cad/synopsys/verdi/2020.03//share/PLI/VCS/LINUX64/:::::::::/usr/cad/cadence/INNOVUS/INNOVUS_20.10.000/tools/lib/64bit:/usr/cad/cadence/INNOVUS/INNOVUS_20.10.000/tools/lib64:/usr/cad/cadence/INNOVUS/INNOVUS_20.10.000/tools/lib::/usr/cad/cadence/GENUS/GENUS_21.10.000/tools/lib/64bit:/usr/cad/cadence/GENUS/GENUS_21.10.000/tools/lib64:/usr/cad/cadence/GENUS/GENUS_21.10.000/tools/lib::/usr/cad/cadence/ncverilog/XCELIUM_22.03.003/tools/lib/64bit:/usr/cad/cadence/ncverilog/XCELIUM_22.03.003/tools/lib64:/usr/cad/cadence/ncverilog/XCELIUM_22.03.003/tools/lib::/lib64:/usr/lib64:/usr/local/lib64:/lib64:/usr/lib64:/usr/local/lib64:/lib64:/usr/lib64:/usr/local/lib64
LM_LICENSE_FILE=1717@hostname:26585@lshc:5280@lshc:
SYNOPSYS=/usr/cad/synopsys/tmax/2020.09/
FORMALITY=/usr/cad/synopsys/formality/cur
SYN_MAN_DIR=/usr/cad/synopsys/synthesis/2022.03/doc/syn/man
MANPATH=/usr/cad/synopsys/synthesis/2022.03/doc/syn/man
SYNOPSYS_LC_ROOT=/usr/cad/synopsys/lc/cur
SHLIB_PATH=/usr/cad/synopsys/verdi/cur/etc/lib/libstdc++/LINUX64/:/usr/cad/synopsys/verdi/2020.03//etc/lib/libstdc++/LINUX64/:/usr/cad/synopsys/verdi/2020.03//share/PLI/lib/LINUX64/:/usr/cad/synopsys/verdi/2020.03//share/PLI/VCS/LINUX64/:
VERDI_HOME=/usr/cad/synopsys/verdi/2020.03/
MGC_HOME=/usr/cad/mentor/calibre/aoi_cal_2022.3_33.19
CALIBRE_HOME=/usr/cad/mentor/calibre/aoi_cal_2022.3_33.19
MGC_TMPDIR=/tmp
MGC_LOCATION_MAP=NO_MAP
_XRUNROOT_=/usr/cad/cadence/ncverilog/XCELIUM_22.03.003/tools
_IRUNROOT_=/usr/cad/cadence/ncverilog/XCELIUM_22.03.003/tools
_HELIUMROOT_=/usr/cad/cadence/ncverilog/XCELIUM_22.03.003/tools
CDS_ARCH=lnx86
XMRUNMODE=xmverilog:./xcelium.d/run.lnx8664.22.03.d
XRUNBATCH=FALSE
AMS_LOG_FILE_NAME=xmverilog.log
IMPERAS_PORT_FILE=.vsp_ovp_gdb_port
TCL_LIBRARY=/usr/cad/cadence/ncverilog/XCELIUM_22.03.003/tools/inca/files/tcl/library
Runtime command line arguments:
argv[0]=xmverilog
argv[1]=trace/layer1_trace_integration_tb.v
argv[2]=trace/layer1_trace_integration.v
argv[3]=trace/pre_trace.v
argv[4]=trace/trace_core.v
argv[5]=layer1_system_top.v
argv[6]=spike_generator.v
argv[7]=lif_unit_core.v
argv[8]=lif_integrator.v
argv[9]=lif_leak.v
argv[10]=lif_refrac_logic.v
argv[11]=lif_th_cmp.v
argv[12]=+access+r
91 profile - 100
          CPU/Mem usage: 0.030 sys,  0.150 user,  245.39M sys,  0.00M vm
92 VC callback profile - scalar:0 vector:0
93 Sat Feb  7 00:47:45 2026
94 pliAppInit
95 FSDB_GATE is disabled.
96 Enable Parallel Dumping.
97 pliAppMiscSet: New Sim Round
98 pliEntryInit
99 LIBSSCORE=found /usr/cad/synopsys/verdi/cur/share/PLI/IUS/LINUX64/libsscore_xcelium171.so through $LD_LIBRARY_PATH setting.
100 argv[0]: layer1_trace_integration.fsdb
101 argv[0]: 0
102 argv[1]: (handle)0x54e4058 layer1_trace_integration_tb
103 argv[2]: +mda
104 FSDB Dumper for Xcelium, Release Verdi_Q-2020.03, Linux x86_64/64bit, 02/09/2020
105 (C) 1996 - 2020 by Synopsys, Inc.
106 ***********************************************************************
107 *  WARNING -                                                          *
108 *  The simulator version is newer than the supported FSDB Writer.     *
109 ***********************************************************************
110 sps_call_fsdbDumpfile at 0 : /home/t112830043/synaptic-core-asic/rtl/lif_neuron_for_local/spike_generator/trace/layer1_trace_integration_tb.v(63)
111 argv[0]: layer1_trace_integration.fsdb
112 *Verdi* FSDB WARNING: The FSDB file already exists. Overwriting the FSDB file may crash the programs that are using this file.
113 *Verdi* : Create FSDB file 'layer1_trace_integration.fsdb'
114 sps_call_fsdbDumpvars at 0 : /home/t112830043/synaptic-core-asic/rtl/lif_neuron_for_local/spike_generator/trace/layer1_trace_integration_tb.v(64)
115 argv[0]: 0
116 argv[1]: (handle)0x54e4058 layer1_trace_integration_tb
117 argv[2]: +mda
118 *Verdi* : Begin traversing the scope (layer1_trace_integration_tb), layer (0).
119 *Verdi* : Enable +mda dumping.
120 *Verdi* : End of traversing.
121 fsdbDumpvars traverse var: profile - 
          CPU/Mem usage: 0.040 sys,  0.160 user,  346.05M sys,  0.00M vm
                   incr: 0.010 sys,  0.000 user,  9.05M sys,  0.00M vm
                   accu: 0.010 sys,  0.000 user,  9.05M sys,  0.00M vm
              accu incr: 0.010 sys,  0.000 user,  9.05M sys,  0.00M vm

          Count usage: 869 var,  627 idcode,  627 callback
                 incr: 869 var,  627 idcode,  627 callback
                 accu: 869 var,  627 idcode,  627 callback
            accu incr: 869 var,  627 idcode,  627 callback
122 VC callback profile - scalar:0 vector:0
123 Sat Feb  7 00:47:45 2026
124 fsdbDumpvars: profile - 
          CPU/Mem usage: 0.040 sys,  0.160 user,  347.10M sys,  0.00M vm
                   incr: 0.000 sys,  0.000 user,  1.05M sys,  0.00M vm
                   accu: 0.010 sys,  0.000 user,  10.10M sys,  0.00M vm
              accu incr: 0.000 sys,  0.000 user,  1.05M sys,  0.00M vm

          Count usage: 869 var,  627 idcode,  627 callback
                 incr: 0 var,  0 idcode,  0 callback
                 accu: 869 var,  627 idcode,  627 callback
            accu incr: 0 var,  0 idcode,  0 callback
125 VC callback profile - scalar:206 vector:421
126 Sat Feb  7 00:47:45 2026
127 End of simulation at 7025000
128 VC callback profile - scalar:15248 vector:13670
129 Sat Feb  7 00:47:45 2026
130 Begin FSDB profile info:
131 FSDB Writer : bc1(15248) bcn(13670) mtf/stf(0/0)
FSDB Writer elapsed time : flush(0.053210) io wait(0.000000) theadpool wait(0.000000)
FSDB Writer cpu time : MT Compression : 0
132 End FSDB profile info
133 Parallel profile    -  Flush:3 Expand:0 ProduceWait:0 ConsumerWait:0 BlockUsed:1
134                        ProduceTime:0.223493793 ConsumerTime:0.000000000 Buffer:64MB
135 SimExit
136 Sim process exit
