xmverilog(64): 22.03-s003: (c) Copyright 1995-2022 Cadence Design Systems, Inc.
TOOL:	xmverilog	22.03-s003: Started on Feb 06, 2026 at 23:57:47 CST
ncverilog
	pre_trace_tb.v
	pre_trace.v
	trace_core.v
	+access+r
xmverilog: *W,NCEXDEP: Executable (ncverilog) is deprecated. Use (xmverilog) instead.
Recompiling... reason: file './pre_trace_tb.v' is newer than expected.
	expected: Fri Feb  6 23:51:52 2026
	actual:   Fri Feb  6 23:57:46 2026
file: pre_trace_tb.v
	module worklib.pre_trace_tb:v
		errors: 0, warnings: 0
		Caching library 'worklib' ....... Done
	Elaborating the design hierarchy:
	Building instance overlay tables: .................... Done
	Generating native compiled code:
		worklib.pre_trace_tb:v <0x07ca60c4>
			streams:   6, words: 16425
		worklib.pre_trace:v <0x570ea654>
			streams:   6, words:  2886
	Building instance specific data structures.
	Loading native compiled code:     .................... Done
	Design hierarchy summary:
		                 Instances  Unique
		Modules:                10       3
		Registers:               7       7
		Scalar wires:            3       -
		Expanded wires:         72       9
		Vectored wires:         30       -
		Always blocks:           2       2
		Initial blocks:          2       2
		Cont. assignments:      27       8
		Pseudo assignments:     10       3
		Simulation timescale:  1ps
	Writing initial simulation snapshot: worklib.pre_trace_tb:v
Loading snapshot worklib.pre_trace_tb:v .................... Done
*Verdi* Loading libsscore_xcelium171.so
xcelium> source /usr/cad/cadence/ncverilog/XCELIUM_22.03.003/tools/xcelium/files/xmsimrc
xcelium> run
=== Unit Test: pre_trace Module ===

[Test 1] Charge: Addr 5, Pixel 0 fires
  -> PASS: Trace became 255 instantly.

[Test 2] Independence: Check Addr 6 (Should be 0)
  -> PASS: Addr 6 is clean (0).

[Test 3] Decay: Back to Addr 5, No Spike
  -> PASS: Trace decayed correctly (255 -> 192).

[Test 4] Second Decay: Addr 5, No Spike again
  -> PASS: Trace decayed again (192 -> 144).

[Test 5] Parallel: Addr 10, Pixel 0 & 7 fire
  -> PASS: Pixel 0 & 7 set to 255, Pixel 1 stays 0.

=== Test Finished ===
Simulation complete via $finish(1) at time 96 NS + 0
./pre_trace_tb.v:150         $finish;
xcelium> exit
TOOL:	xmverilog	22.03-s003: Exiting on Feb 06, 2026 at 23:57:48 CST  (total: 00:00:01)
